d:\users\felrugo\github\rebeka-lte\code\reb3d\debug\reb3d.pdb
d:\users\felrugo\github\rebeka-lte\code\reb3d\debug\reb3d.idb
d:\users\felrugo\github\rebeka-lte\code\reb3d\debug\rebaabb.obj
d:\users\felrugo\github\rebeka-lte\code\reb3d\debug\rebgltrans.obj
d:\users\felrugo\github\rebeka-lte\code\reb3d\debug\rebmatrix.obj
d:\users\felrugo\github\rebeka-lte\code\reb3d\debug\rebobb.obj
d:\users\felrugo\github\rebeka-lte\code\reb3d\debug\rebplane.obj
d:\users\felrugo\github\rebeka-lte\code\reb3d\debug\rebpolygon.obj
d:\users\felrugo\github\rebeka-lte\code\reb3d\debug\rebquat.obj
d:\users\felrugo\github\rebeka-lte\code\reb3d\debug\rebray.obj
d:\users\felrugo\github\rebeka-lte\code\reb3d\debug\rebvector.obj
d:\users\felrugo\github\rebeka-lte\code\libs\x32\reb3d.lib
d:\users\felrugo\github\rebeka-lte\code\reb3d\debug\vc120.idb
d:\users\felrugo\github\rebeka-lte\code\reb3d\debug\vc120.pdb
d:\users\felrugo\github\rebeka-lte\code\libs\x32\reb3d.pdb
d:\users\felrugo\github\rebeka-lte\code\reb3d\debug\reb3d.tlog\cl.command.1.tlog
d:\users\felrugo\github\rebeka-lte\code\reb3d\debug\reb3d.tlog\cl.read.1.tlog
d:\users\felrugo\github\rebeka-lte\code\reb3d\debug\reb3d.tlog\cl.write.1.tlog
d:\users\felrugo\github\rebeka-lte\code\reb3d\debug\reb3d.tlog\lib-link.read.1.tlog
d:\users\felrugo\github\rebeka-lte\code\reb3d\debug\reb3d.tlog\lib-link.write.1.tlog
d:\users\felrugo\github\rebeka-lte\code\reb3d\debug\reb3d.tlog\lib.command.1.tlog
