Build started 2015.06.26. 11:43:59.
     1>Project "D:\Users\FELRUGO\documents\Rebeka\Code\Reb3D\Reb3D.vcxproj" on node 3 (Rebuild target(s)).
     1>ClCompile:
         D:\Programfájlok (x86)\Microsoft Visual Studio 12.0\VC\bin\CL.exe /c /ZI /nologo /W3 /WX- /sdl /Od /Oy- /D WIN32 /D _DEBUG /D _LIB /D _UNICODE /D UNICODE /Gm /EHsc /RTC1 /MDd /GS /fp:precise /Zc:wchar_t /Zc:forScope /Fo"Debug\\" /Fd"Debug\vc120.pdb" /Gd /TP /analyze- /errorReport:prompt Rebaabb.cpp RebGLTrans.cpp Rebmatrix.cpp Rebobb.cpp Rebplane.cpp Rebpolygon.cpp Rebquat.cpp Rebray.cpp Rebvector.cpp
         Rebvector.cpp
         Rebray.cpp
         Rebquat.cpp
         Rebpolygon.cpp
     1>d:\users\felrugo\documents\rebeka\code\reb3d\rebpolygon.cpp(179): warning C4018: '<' : signed/unsigned mismatch
         Rebplane.cpp
         Rebobb.cpp
         Rebmatrix.cpp
         RebGLTrans.cpp
         Rebaabb.cpp
         Generating Code...
       Lib:
         D:\Programfájlok (x86)\Microsoft Visual Studio 12.0\VC\bin\Lib.exe /OUT:"D:\Users\FELRUGO\documents\Rebeka\Code\Libs\x32\Reb3D.lib" /NOLOGO Debug\Rebaabb.obj
         Debug\RebGLTrans.obj
         Debug\Rebmatrix.obj
         Debug\Rebobb.obj
         Debug\Rebplane.obj
         Debug\Rebpolygon.obj
         Debug\Rebquat.obj
         Debug\Rebray.obj
         Debug\Rebvector.obj
         Reb3D.vcxproj -> D:\Users\FELRUGO\documents\Rebeka\Code\Libs\x32\Reb3D.lib
     1>Done Building Project "D:\Users\FELRUGO\documents\Rebeka\Code\Reb3D\Reb3D.vcxproj" (Rebuild target(s)).

Build succeeded.

Time Elapsed 00:00:01.24
