d:\users\felrugo\github\rebeka-lte\code\rebwindow\debug\vc140.pdb
d:\users\felrugo\github\rebeka-lte\code\rebwindow\debug\vc140.idb
d:\users\felrugo\github\rebeka-lte\code\rebwindow\debug\rebmeh.obj
d:\users\felrugo\github\rebeka-lte\code\rebwindow\debug\rebwindowmanager.obj
d:\users\felrugo\github\rebeka-lte\bin32\rebwindow.ilk
d:\users\felrugo\github\rebeka-lte\bin32\rebwindow.dll
d:\users\felrugo\github\rebeka-lte\bin32\rebwindow.pdb
d:\users\felrugo\github\rebeka-lte\code\libs\x32\rebwindow.lib
d:\users\felrugo\github\rebeka-lte\code\libs\x32\rebwindow.exp
d:\users\felrugo\github\rebeka-lte\code\rebwindow\debug\vc120.idb
d:\users\felrugo\github\rebeka-lte\code\rebwindow\debug\vc120.pdb
d:\users\felrugo\github\rebeka-lte\code\..\bin32\rebwindow.pdb
d:\users\felrugo\github\rebeka-lte\code\..\bin32\rebwindow.dll
d:\users\felrugo\github\rebeka-lte\code\..\bin32\rebwindow.ilk
d:\users\felrugo\github\rebeka-lte\code\rebwindow\debug\rebwindow.tlog\cl.command.1.tlog
d:\users\felrugo\github\rebeka-lte\code\rebwindow\debug\rebwindow.tlog\cl.read.1.tlog
d:\users\felrugo\github\rebeka-lte\code\rebwindow\debug\rebwindow.tlog\cl.write.1.tlog
d:\users\felrugo\github\rebeka-lte\code\rebwindow\debug\rebwindow.tlog\link.command.1.tlog
d:\users\felrugo\github\rebeka-lte\code\rebwindow\debug\rebwindow.tlog\link.read.1.tlog
d:\users\felrugo\github\rebeka-lte\code\rebwindow\debug\rebwindow.tlog\link.write.1.tlog
d:\users\felrugo\github\rebeka-lte\code\rebwindow\debug\rebwindow.tlog\rebwindow.write.1u.tlog
