d:\users\szabo\github\rebeka-lte\code\rebui\debug\vc140.pdb
d:\users\szabo\github\rebeka-lte\code\rebui\debug\vc140.idb
d:\users\szabo\github\rebeka-lte\code\rebui\debug\rebtextrenderer.obj
d:\users\szabo\github\rebeka-lte\code\rebui\debug\rebuisystem.obj
d:\users\szabo\github\rebeka-lte\bin32\rebui.ilk
d:\users\szabo\github\rebeka-lte\bin32\rebui.dll
d:\users\szabo\github\rebeka-lte\bin32\rebui.pdb
d:\users\szabo\github\rebeka-lte\bin32\rebui.lib
d:\users\szabo\github\rebeka-lte\bin32\rebui.exp
d:\users\szabo\github\rebeka-lte\code\rebui\debug\rebtextrenderer.obj.enc
d:\users\szabo\github\rebeka-lte\code\..\bin32\rebui.pdb
d:\users\szabo\github\rebeka-lte\code\..\bin32\rebui.dll
d:\users\szabo\github\rebeka-lte\code\..\bin32\rebui.ilk
d:\users\szabo\github\rebeka-lte\code\rebui\debug\rebui.tlog\cl.command.1.tlog
d:\users\szabo\github\rebeka-lte\code\rebui\debug\rebui.tlog\cl.read.1.tlog
d:\users\szabo\github\rebeka-lte\code\rebui\debug\rebui.tlog\cl.write.1.tlog
d:\users\szabo\github\rebeka-lte\code\rebui\debug\rebui.tlog\link.command.1.tlog
d:\users\szabo\github\rebeka-lte\code\rebui\debug\rebui.tlog\link.read.1.tlog
d:\users\szabo\github\rebeka-lte\code\rebui\debug\rebui.tlog\link.write.1.tlog
d:\users\szabo\github\rebeka-lte\code\rebui\debug\rebui.tlog\rebui.write.1u.tlog
