d:\users\szabo\github\rebeka-lte\code\rebgl\debug\vc140.pdb
d:\users\szabo\github\rebeka-lte\code\rebgl\debug\vc140.idb
d:\users\szabo\github\rebeka-lte\code\rebgl\debug\rebenv.obj
d:\users\szabo\github\rebeka-lte\code\rebgl\debug\rebgl_draw.obj
d:\users\szabo\github\rebeka-lte\code\rebgl\debug\rebgl_graphicutilities.obj
d:\users\szabo\github\rebeka-lte\code\rebgl\debug\rebgl_init.obj
d:\users\szabo\github\rebeka-lte\code\rebgl\debug\rebgl_lightsystem.obj
d:\users\szabo\github\rebeka-lte\code\rebgl\debug\rebgl_render.obj
d:\users\szabo\github\rebeka-lte\code\rebgl\debug\rebgl_skinmanager.obj
d:\users\szabo\github\rebeka-lte\code\rebgl\debug\rebgl_ss.obj
d:\users\szabo\github\rebeka-lte\code\rebgl\debug\rebgl_vcm.obj
d:\users\szabo\github\rebeka-lte\code\rebgl\debug\rebih.obj
d:\users\szabo\github\rebeka-lte\code\rebgl\debug\rpm_rebgl.obj
d:\users\szabo\github\rebeka-lte\bin32\rebgl.ilk
d:\users\szabo\github\rebeka-lte\bin32\rebgl.dll
d:\users\szabo\github\rebeka-lte\bin32\rebgl.pdb
d:\users\szabo\github\rebeka-lte\code\libs\x32\rebgl.lib
d:\users\szabo\github\rebeka-lte\code\libs\x32\rebgl.exp
d:\users\szabo\github\rebeka-lte\code\rebgl\debug\rebgl_init.obj.enc
d:\users\szabo\github\rebeka-lte\code\..\bin32\rebgl.pdb
d:\users\szabo\github\rebeka-lte\code\..\bin32\rebgl.dll
d:\users\szabo\github\rebeka-lte\code\..\bin32\rebgl.ilk
d:\users\szabo\github\rebeka-lte\code\rebgl\debug\rebgl.tlog\cl.command.1.tlog
d:\users\szabo\github\rebeka-lte\code\rebgl\debug\rebgl.tlog\cl.read.1.tlog
d:\users\szabo\github\rebeka-lte\code\rebgl\debug\rebgl.tlog\cl.write.1.tlog
d:\users\szabo\github\rebeka-lte\code\rebgl\debug\rebgl.tlog\link.command.1.tlog
d:\users\szabo\github\rebeka-lte\code\rebgl\debug\rebgl.tlog\link.read.1.tlog
d:\users\szabo\github\rebeka-lte\code\rebgl\debug\rebgl.tlog\link.write.1.tlog
d:\users\szabo\github\rebeka-lte\code\rebgl\debug\rebgl.tlog\rebgl.write.1u.tlog
