d:\users\felrugo\documents\rebeka\code\rebentitysystem\debug\vc120.pdb
d:\users\felrugo\documents\rebeka\code\rebentitysystem\debug\vc120.idb
d:\users\felrugo\documents\rebeka\code\rebentitysystem\debug\compinput.obj
d:\users\felrugo\documents\rebeka\code\rebentitysystem\debug\compphymoovable.obj
d:\users\felrugo\documents\rebeka\code\rebentitysystem\debug\compphysics.obj
d:\users\felrugo\documents\rebeka\code\rebentitysystem\debug\compvisterrain.obj
d:\users\felrugo\documents\rebeka\code\rebentitysystem\debug\compvisual.obj
d:\users\felrugo\documents\rebeka\code\rebentitysystem\debug\defents.obj
d:\users\felrugo\documents\rebeka\code\rebentitysystem\debug\rebentity.obj
d:\users\felrugo\documents\rebeka\code\rebentitysystem\debug\rebentitysystem.obj
d:\users\felrugo\documents\rebeka\bin32\rebentitysystem.ilk
d:\users\felrugo\documents\rebeka\bin32\rebentitysystem.dll
d:\users\felrugo\documents\rebeka\bin32\rebentitysystem.pdb
d:\users\felrugo\documents\rebeka\code\libs\x32\rebentitysystem.lib
d:\users\felrugo\documents\rebeka\code\libs\x32\rebentitysystem.exp
d:\users\felrugo\documents\rebeka\code\..\bin32\rebentitysystem.pdb
d:\users\felrugo\documents\rebeka\code\..\bin32\rebentitysystem.dll
d:\users\felrugo\documents\rebeka\code\..\bin32\rebentitysystem.ilk
d:\users\felrugo\documents\rebeka\code\rebentitysystem\debug\rebentitysystem.tlog\cl.command.1.tlog
d:\users\felrugo\documents\rebeka\code\rebentitysystem\debug\rebentitysystem.tlog\cl.read.1.tlog
d:\users\felrugo\documents\rebeka\code\rebentitysystem\debug\rebentitysystem.tlog\cl.write.1.tlog
d:\users\felrugo\documents\rebeka\code\rebentitysystem\debug\rebentitysystem.tlog\link.command.1.tlog
d:\users\felrugo\documents\rebeka\code\rebentitysystem\debug\rebentitysystem.tlog\link.read.1.tlog
d:\users\felrugo\documents\rebeka\code\rebentitysystem\debug\rebentitysystem.tlog\link.write.1.tlog
d:\users\felrugo\documents\rebeka\code\rebentitysystem\debug\rebentitysystem.tlog\rebentitysystem.write.1u.tlog
