d:\users\szabo\github\rebeka-lte\code\rebgamelogic\debug\vc140.pdb
d:\users\szabo\github\rebeka-lte\code\rebgamelogic\debug\vc140.idb
d:\users\szabo\github\rebeka-lte\code\rebgamelogic\debug\rebgamelogic.obj
d:\users\szabo\github\rebeka-lte\code\rebgamelogic\debug\rebscriptmanager.obj
d:\users\szabo\github\rebeka-lte\code\rebgamelogic\debug\rpm_globals.obj
d:\users\szabo\github\rebeka-lte\code\rebgamelogic\debug\rpm_reb3d.obj
d:\users\szabo\github\rebeka-lte\code\rebgamelogic\debug\rpm_rebgl.obj
d:\users\szabo\github\rebeka-lte\code\rebgamelogic\debug\rpm_rebwaem.obj
d:\users\szabo\github\rebeka-lte\bin32\rebgamelogic.ilk
d:\users\szabo\github\rebeka-lte\bin32\rebgamelogic.dll
d:\users\szabo\github\rebeka-lte\bin32\rebgamelogic.pdb
d:\users\szabo\github\rebeka-lte\bin32\rebgamelogic.lib
d:\users\szabo\github\rebeka-lte\bin32\rebgamelogic.exp
d:\users\szabo\github\rebeka-lte\code\rebgamelogic\debug\rebscriptmanager.obj.enc
d:\users\szabo\github\rebeka-lte\code\..\bin32\rebgamelogic.pdb
d:\users\szabo\github\rebeka-lte\code\..\bin32\rebgamelogic.dll
d:\users\szabo\github\rebeka-lte\code\..\bin32\rebgamelogic.ilk
d:\users\szabo\github\rebeka-lte\code\rebgamelogic\debug\rebgamelogic.tlog\cl.command.1.tlog
d:\users\szabo\github\rebeka-lte\code\rebgamelogic\debug\rebgamelogic.tlog\cl.read.1.tlog
d:\users\szabo\github\rebeka-lte\code\rebgamelogic\debug\rebgamelogic.tlog\cl.write.1.tlog
d:\users\szabo\github\rebeka-lte\code\rebgamelogic\debug\rebgamelogic.tlog\link.command.1.tlog
d:\users\szabo\github\rebeka-lte\code\rebgamelogic\debug\rebgamelogic.tlog\link.read.1.tlog
d:\users\szabo\github\rebeka-lte\code\rebgamelogic\debug\rebgamelogic.tlog\link.write.1.tlog
d:\users\szabo\github\rebeka-lte\code\rebgamelogic\debug\rebgamelogic.tlog\rebgamelogic.write.1u.tlog
