d:\users\szabo\github\rebeka-lte\code\rebaudio\debug\vc140.pdb
d:\users\szabo\github\rebeka-lte\code\rebaudio\debug\vc140.idb
d:\users\szabo\github\rebeka-lte\code\rebaudio\debug\rebal.obj
d:\users\szabo\github\rebeka-lte\code\rebaudio\debug\rebal_soundplayer.obj
d:\users\szabo\github\rebeka-lte\code\rebaudio\debug\rebffmpeg.obj
d:\users\szabo\github\rebeka-lte\bin32\rebaudio.ilk
d:\users\szabo\github\rebeka-lte\bin32\rebaudio.dll
d:\users\szabo\github\rebeka-lte\bin32\rebaudio.pdb
d:\users\szabo\github\rebeka-lte\code\libs\x32\rebaudio.lib
d:\users\szabo\github\rebeka-lte\code\libs\x32\rebaudio.exp
d:\users\szabo\github\rebeka-lte\code\..\bin32\rebaudio.pdb
d:\users\szabo\github\rebeka-lte\code\..\bin32\rebaudio.dll
d:\users\szabo\github\rebeka-lte\code\..\bin32\rebaudio.ilk
d:\users\szabo\github\rebeka-lte\code\rebaudio\debug\rebaudio.tlog\cl.command.1.tlog
d:\users\szabo\github\rebeka-lte\code\rebaudio\debug\rebaudio.tlog\cl.read.1.tlog
d:\users\szabo\github\rebeka-lte\code\rebaudio\debug\rebaudio.tlog\cl.write.1.tlog
d:\users\szabo\github\rebeka-lte\code\rebaudio\debug\rebaudio.tlog\link.command.1.tlog
d:\users\szabo\github\rebeka-lte\code\rebaudio\debug\rebaudio.tlog\link.read.1.tlog
d:\users\szabo\github\rebeka-lte\code\rebaudio\debug\rebaudio.tlog\link.write.1.tlog
d:\users\szabo\github\rebeka-lte\code\rebaudio\debug\rebaudio.tlog\rebaudio.write.1u.tlog
