d:\users\felrugo\github\rebeka-lte\code\rebgame\debug\vc140.pdb
d:\users\felrugo\github\rebeka-lte\code\rebgame\debug\vc140.idb
d:\users\felrugo\github\rebeka-lte\code\rebgame\debug\rebgame.obj
d:\users\felrugo\github\rebeka-lte\bin32\rebgame.ilk
d:\users\felrugo\github\rebeka-lte\bin32\rebgame.dll
d:\users\felrugo\github\rebeka-lte\bin32\rebgame.pdb
d:\users\felrugo\github\rebeka-lte\code\libs\x32\rebgame.lib
d:\users\felrugo\github\rebeka-lte\code\libs\x32\rebgame.exp
d:\users\felrugo\github\rebeka-lte\code\rebgame\debug\vc120.idb
d:\users\felrugo\github\rebeka-lte\code\rebgame\debug\vc120.pdb
d:\users\felrugo\github\rebeka-lte\code\..\bin32\rebgame.pdb
d:\users\felrugo\github\rebeka-lte\code\..\bin32\rebgame.dll
d:\users\felrugo\github\rebeka-lte\code\..\bin32\rebgame.ilk
d:\users\felrugo\github\rebeka-lte\code\rebgame\debug\rebgame.tlog\cl.command.1.tlog
d:\users\felrugo\github\rebeka-lte\code\rebgame\debug\rebgame.tlog\cl.read.1.tlog
d:\users\felrugo\github\rebeka-lte\code\rebgame\debug\rebgame.tlog\cl.write.1.tlog
d:\users\felrugo\github\rebeka-lte\code\rebgame\debug\rebgame.tlog\link.command.1.tlog
d:\users\felrugo\github\rebeka-lte\code\rebgame\debug\rebgame.tlog\link.read.1.tlog
d:\users\felrugo\github\rebeka-lte\code\rebgame\debug\rebgame.tlog\link.write.1.tlog
d:\users\felrugo\github\rebeka-lte\code\rebgame\debug\rebgame.tlog\rebgame.write.1u.tlog
